<?xml version="1.0" encoding="UTF-8"?>
<!-- Generated by org.testng.reporters.JUnitXMLReporter -->
<testsuite hostname="DESKTOP-OM2QHAP" name="MyTestNgTest" tests="26" failures="5" timestamp="12 Jan 2020 02:56:49 GMT" time="84.383" errors="0">
  <testcase name="test2" time="0.021" classname="testNgLearning.AnnotationsInTestNgTest"/>
  <testcase name="test1" time="0.005" classname="testNgLearning.AnnotationsInTestNgTest"/>
  <testcase name="tc_006" time="0.01" classname="testNgLearning.AssertionTestInTestNg"/>
  <testcase name="tc_005" time="0.002" classname="testNgLearning.AssertionTestInTestNg">
    <failure type="java.lang.AssertionError" message="null">
      <![CDATA[java.lang.AssertionError: null
	at testNgLearning.AssertionTestInTestNg.tc_005(AssertionTestInTestNg.java:30)
... Removed 27 stack frames]]>
    </failure>
  </testcase> <!-- tc_005 -->
  <testcase name="tc_008" time="0.003" classname="testNgLearning.AssertionTestInTestNg">
    <failure type="java.lang.AssertionError" message="expected [VASANT] but found [vasant]">
      <![CDATA[java.lang.AssertionError: expected [VASANT] but found [vasant]
	at testNgLearning.AssertionTestInTestNg.tc_008(AssertionTestInTestNg.java:45)
... Removed 29 stack frames]]>
    </failure>
  </testcase> <!-- tc_008 -->
  <testcase name="tc_007" time="0.001" classname="testNgLearning.AssertionTestInTestNg"/>
  <testcase name="tc_002" time="0.003" classname="testNgLearning.AssertionTestInTestNg"/>
  <testcase name="tc_001" time="0.009" classname="testNgLearning.AssertionTestInTestNg">
    <failure type="java.lang.AssertionError" message="expected [true] but found [false]">
      <![CDATA[java.lang.AssertionError: expected [true] but found [false]
	at testNgLearning.AssertionTestInTestNg.tc_001(AssertionTestInTestNg.java:10)
... Removed 28 stack frames]]>
    </failure>
  </testcase> <!-- tc_001 -->
  <testcase name="tc_004" time="0.007" classname="testNgLearning.AssertionTestInTestNg"/>
  <testcase name="tc_003" time="0.002" classname="testNgLearning.AssertionTestInTestNg">
    <failure type="java.lang.AssertionError" message="expected [false] but found [true]">
      <![CDATA[java.lang.AssertionError: expected [false] but found [true]
	at testNgLearning.AssertionTestInTestNg.tc_003(AssertionTestInTestNg.java:20)
... Removed 28 stack frames]]>
    </failure>
  </testcase> <!-- tc_003 -->
  <testcase name="loginTest" time="0.001" classname="testNgLearning.DependacyInTestNg"/>
  <testcase name="updateAnAccoutTest" time="0.004" classname="testNgLearning.DependacyInTestNg">
    <failure type="java.lang.AssertionError" message="expected [true] but found [false]">
      <![CDATA[java.lang.AssertionError: expected [true] but found [false]
	at testNgLearning.DependacyInTestNg.updateAnAccoutTest(DependacyInTestNg.java:18)
... Removed 28 stack frames]]>
    </failure>
  </testcase> <!-- updateAnAccoutTest -->
  <testcase name="logoutTest" time="0.0" classname="testNgLearning.DependacyInTestNg">
    <skipped/>
  </testcase> <!-- logoutTest -->
  <testcase name="tc_001" time="0.001" classname="testNgLearning.DisabledTestInTestNg"/>
  <testcase name="tc_002" time="0.003" classname="testNgLearning.DisabledTestInTestNg"/>
  <testcase name="tc_003" time="0.002" classname="testNgLearning.DisabledTestInTestNg"/>
  <testcase name="tc_001" time="0.002" classname="testNgLearning.FirstScripts"/>
  <testcase name="registerNewAppTest" time="0.007" classname="testNgLearning.PriotizeTestInTestNg"/>
  <testcase name="loginToAppTest" time="0.008" classname="testNgLearning.PriotizeTestInTestNg"/>
  <testcase name="createAnAccountTest" time="0.028" classname="testNgLearning.PriotizeTestInTestNg"/>
  <testcase name="logoutFromAppTest" time="0.005" classname="testNgLearning.PriotizeTestInTestNg"/>
  <testcase name="fbLoginPageVerifyTitle" time="84.007" classname="testNgLearning.ReportslogsInTestNg"/>
  <testcase name="createAnAccountTest" time="0.003" classname="testNgLearning.TestExecutionOrderInTestNg"/>
  <testcase name="loginToAppTest" time="0.0" classname="testNgLearning.TestExecutionOrderInTestNg"/>
  <testcase name="logoutFromAppTest" time="0.016" classname="testNgLearning.TestExecutionOrderInTestNg"/>
  <testcase name="registerNewAppTest" time="0.0" classname="testNgLearning.TestExecutionOrderInTestNg"/>
</testsuite> <!-- MyTestNgTest -->
