<html>
<head>
<title>TestNG:  MyTestNgTest</title>
<link href="../testng.css" rel="stylesheet" type="text/css" />
<link href="../my-testng.css" rel="stylesheet" type="text/css" />

<style type="text/css">
.log { display: none;} 
.stack-trace { display: none;} 
</style>
<script type="text/javascript">
<!--
function flip(e) {
  current = e.style.display;
  if (current == 'block') {
    e.style.display = 'none';
    return 0;
  }
  else {
    e.style.display = 'block';
    return 1;
  }
}

function toggleBox(szDivId, elem, msg1, msg2)
{
  var res = -1;  if (document.getElementById) {
    res = flip(document.getElementById(szDivId));
  }
  else if (document.all) {
    // this is the way old msie versions work
    res = flip(document.all[szDivId]);
  }
  if(elem) {
    if(res == 0) elem.innerHTML = msg1; else elem.innerHTML = msg2;
  }

}

function toggleAllBoxes() {
  if (document.getElementsByTagName) {
    d = document.getElementsByTagName('div');
    for (i = 0; i < d.length; i++) {
      if (d[i].className == 'log') {
        flip(d[i]);
      }
    }
  }
}

// -->
</script>

</head>
<body>
<h2 align='center'>MyTestNgTest</h2><table border='1' align="center">
<tr>
<td>Tests passed/Failed/Skipped:</td><td>20/5/1</td>
</tr><tr>
<td>Started on:</td><td>Sun Jan 12 08:25:24 IST 2020</td>
</tr>
<tr><td>Total time:</td><td>84 seconds (84383 ms)</td>
</tr><tr>
<td>Included groups:</td><td></td>
</tr><tr>
<td>Excluded groups:</td><td></td>
</tr>
</table><p/>
<small><i>(Hover the method name to see the test class name)</i></small><p/>
<table width='100%' border='1' class='invocation-failed'>
<tr><td colspan='4' align='center'><b>FAILED TESTS</b></td></tr>
<tr><td><b>Test method</b></td>
<td width="30%"><b>Exception</b></td>
<td width="10%"><b>Time (seconds)</b></td>
<td><b>Instance</b></td>
</tr>
<tr>
<td title='testNgLearning.AssertionTestInTestNg.tc_001()'><b>tc_001</b><br>Test class: testNgLearning.AssertionTestInTestNg</td>
<td><div><pre>java.lang.AssertionError: expected [true] but found [false]
	at testNgLearning.AssertionTestInTestNg.tc_001(AssertionTestInTestNg.java:10)
... Removed 28 stack frames</pre></div><a href='#' onClick='toggleBox("stack-trace1401132667", this, "Click to show all stack frames", "Click to hide stack frames")'>Click to show all stack frames</a>
<div class='stack-trace' id='stack-trace1401132667'><pre>java.lang.AssertionError: expected [true] but found [false]
	at org.testng.Assert.fail(Assert.java:94)
	at org.testng.Assert.failNotEquals(Assert.java:496)
	at org.testng.Assert.assertTrue(Assert.java:42)
	at org.testng.Assert.assertTrue(Assert.java:52)
	at testNgLearning.AssertionTestInTestNg.tc_001(AssertionTestInTestNg.java:10)
	at sun.reflect.NativeMethodAccessorImpl.invoke0(Native Method)
	at sun.reflect.NativeMethodAccessorImpl.invoke(Unknown Source)
	at sun.reflect.DelegatingMethodAccessorImpl.invoke(Unknown Source)
	at java.lang.reflect.Method.invoke(Unknown Source)
	at org.testng.internal.MethodInvocationHelper.invokeMethod(MethodInvocationHelper.java:85)
	at org.testng.internal.Invoker.invokeMethod(Invoker.java:639)
	at org.testng.internal.Invoker.invokeTestMethod(Invoker.java:816)
	at org.testng.internal.Invoker.invokeTestMethods(Invoker.java:1124)
	at org.testng.internal.TestMethodWorker.invokeTestMethods(TestMethodWorker.java:125)
	at org.testng.internal.TestMethodWorker.run(TestMethodWorker.java:108)
	at org.testng.TestRunner.privateRun(TestRunner.java:774)
	at org.testng.TestRunner.run(TestRunner.java:624)
	at org.testng.SuiteRunner.runTest(SuiteRunner.java:359)
	at org.testng.SuiteRunner.runSequentially(SuiteRunner.java:354)
	at org.testng.SuiteRunner.privateRun(SuiteRunner.java:312)
	at org.testng.SuiteRunner.run(SuiteRunner.java:261)
	at org.testng.SuiteRunnerWorker.runSuite(SuiteRunnerWorker.java:52)
	at org.testng.SuiteRunnerWorker.run(SuiteRunnerWorker.java:86)
	at org.testng.TestNG.runSuitesSequentially(TestNG.java:1215)
	at org.testng.TestNG.runSuitesLocally(TestNG.java:1140)
	at org.testng.TestNG.run(TestNG.java:1048)
	at org.testng.remote.AbstractRemoteTestNG.run(AbstractRemoteTestNG.java:126)
	at org.testng.remote.RemoteTestNG.initAndRun(RemoteTestNG.java:137)
	at org.testng.remote.RemoteTestNG.main(RemoteTestNG.java:58)
</pre></div></td>
<td>0</td>
<td>testNgLearning.AssertionTestInTestNg@457e2f02</td></tr>
<tr>
<td title='testNgLearning.AssertionTestInTestNg.tc_003()'><b>tc_003</b><br>Test class: testNgLearning.AssertionTestInTestNg</td>
<td><div><pre>java.lang.AssertionError: expected [false] but found [true]
	at testNgLearning.AssertionTestInTestNg.tc_003(AssertionTestInTestNg.java:20)
... Removed 28 stack frames</pre></div><a href='#' onClick='toggleBox("stack-trace540642172", this, "Click to show all stack frames", "Click to hide stack frames")'>Click to show all stack frames</a>
<div class='stack-trace' id='stack-trace540642172'><pre>java.lang.AssertionError: expected [false] but found [true]
	at org.testng.Assert.fail(Assert.java:94)
	at org.testng.Assert.failNotEquals(Assert.java:496)
	at org.testng.Assert.assertFalse(Assert.java:63)
	at org.testng.Assert.assertFalse(Assert.java:73)
	at testNgLearning.AssertionTestInTestNg.tc_003(AssertionTestInTestNg.java:20)
	at sun.reflect.NativeMethodAccessorImpl.invoke0(Native Method)
	at sun.reflect.NativeMethodAccessorImpl.invoke(Unknown Source)
	at sun.reflect.DelegatingMethodAccessorImpl.invoke(Unknown Source)
	at java.lang.reflect.Method.invoke(Unknown Source)
	at org.testng.internal.MethodInvocationHelper.invokeMethod(MethodInvocationHelper.java:85)
	at org.testng.internal.Invoker.invokeMethod(Invoker.java:639)
	at org.testng.internal.Invoker.invokeTestMethod(Invoker.java:816)
	at org.testng.internal.Invoker.invokeTestMethods(Invoker.java:1124)
	at org.testng.internal.TestMethodWorker.invokeTestMethods(TestMethodWorker.java:125)
	at org.testng.internal.TestMethodWorker.run(TestMethodWorker.java:108)
	at org.testng.TestRunner.privateRun(TestRunner.java:774)
	at org.testng.TestRunner.run(TestRunner.java:624)
	at org.testng.SuiteRunner.runTest(SuiteRunner.java:359)
	at org.testng.SuiteRunner.runSequentially(SuiteRunner.java:354)
	at org.testng.SuiteRunner.privateRun(SuiteRunner.java:312)
	at org.testng.SuiteRunner.run(SuiteRunner.java:261)
	at org.testng.SuiteRunnerWorker.runSuite(SuiteRunnerWorker.java:52)
	at org.testng.SuiteRunnerWorker.run(SuiteRunnerWorker.java:86)
	at org.testng.TestNG.runSuitesSequentially(TestNG.java:1215)
	at org.testng.TestNG.runSuitesLocally(TestNG.java:1140)
	at org.testng.TestNG.run(TestNG.java:1048)
	at org.testng.remote.AbstractRemoteTestNG.run(AbstractRemoteTestNG.java:126)
	at org.testng.remote.RemoteTestNG.initAndRun(RemoteTestNG.java:137)
	at org.testng.remote.RemoteTestNG.main(RemoteTestNG.java:58)
</pre></div></td>
<td>0</td>
<td>testNgLearning.AssertionTestInTestNg@457e2f02</td></tr>
<tr>
<td title='testNgLearning.AssertionTestInTestNg.tc_005()'><b>tc_005</b><br>Test class: testNgLearning.AssertionTestInTestNg</td>
<td><div><pre>java.lang.AssertionError: null
	at testNgLearning.AssertionTestInTestNg.tc_005(AssertionTestInTestNg.java:30)
... Removed 27 stack frames</pre></div><a href='#' onClick='toggleBox("stack-trace1715998167", this, "Click to show all stack frames", "Click to hide stack frames")'>Click to show all stack frames</a>
<div class='stack-trace' id='stack-trace1715998167'><pre>java.lang.AssertionError: null
	at org.testng.Assert.fail(Assert.java:94)
	at org.testng.Assert.assertNotEquals(Assert.java:856)
	at org.testng.Assert.assertNotEquals(Assert.java:861)
	at testNgLearning.AssertionTestInTestNg.tc_005(AssertionTestInTestNg.java:30)
	at sun.reflect.NativeMethodAccessorImpl.invoke0(Native Method)
	at sun.reflect.NativeMethodAccessorImpl.invoke(Unknown Source)
	at sun.reflect.DelegatingMethodAccessorImpl.invoke(Unknown Source)
	at java.lang.reflect.Method.invoke(Unknown Source)
	at org.testng.internal.MethodInvocationHelper.invokeMethod(MethodInvocationHelper.java:85)
	at org.testng.internal.Invoker.invokeMethod(Invoker.java:639)
	at org.testng.internal.Invoker.invokeTestMethod(Invoker.java:816)
	at org.testng.internal.Invoker.invokeTestMethods(Invoker.java:1124)
	at org.testng.internal.TestMethodWorker.invokeTestMethods(TestMethodWorker.java:125)
	at org.testng.internal.TestMethodWorker.run(TestMethodWorker.java:108)
	at org.testng.TestRunner.privateRun(TestRunner.java:774)
	at org.testng.TestRunner.run(TestRunner.java:624)
	at org.testng.SuiteRunner.runTest(SuiteRunner.java:359)
	at org.testng.SuiteRunner.runSequentially(SuiteRunner.java:354)
	at org.testng.SuiteRunner.privateRun(SuiteRunner.java:312)
	at org.testng.SuiteRunner.run(SuiteRunner.java:261)
	at org.testng.SuiteRunnerWorker.runSuite(SuiteRunnerWorker.java:52)
	at org.testng.SuiteRunnerWorker.run(SuiteRunnerWorker.java:86)
	at org.testng.TestNG.runSuitesSequentially(TestNG.java:1215)
	at org.testng.TestNG.runSuitesLocally(TestNG.java:1140)
	at org.testng.TestNG.run(TestNG.java:1048)
	at org.testng.remote.AbstractRemoteTestNG.run(AbstractRemoteTestNG.java:126)
	at org.testng.remote.RemoteTestNG.initAndRun(RemoteTestNG.java:137)
	at org.testng.remote.RemoteTestNG.main(RemoteTestNG.java:58)
</pre></div></td>
<td>0</td>
<td>testNgLearning.AssertionTestInTestNg@457e2f02</td></tr>
<tr>
<td title='testNgLearning.AssertionTestInTestNg.tc_008()'><b>tc_008</b><br>Test class: testNgLearning.AssertionTestInTestNg</td>
<td><div><pre>java.lang.AssertionError: expected [VASANT] but found [vasant]
	at testNgLearning.AssertionTestInTestNg.tc_008(AssertionTestInTestNg.java:45)
... Removed 29 stack frames</pre></div><a href='#' onClick='toggleBox("stack-trace1558712965", this, "Click to show all stack frames", "Click to hide stack frames")'>Click to show all stack frames</a>
<div class='stack-trace' id='stack-trace1558712965'><pre>java.lang.AssertionError: expected [VASANT] but found [vasant]
	at org.testng.Assert.fail(Assert.java:94)
	at org.testng.Assert.failNotEquals(Assert.java:496)
	at org.testng.Assert.assertEquals(Assert.java:125)
	at org.testng.Assert.assertEquals(Assert.java:178)
	at org.testng.Assert.assertEquals(Assert.java:188)
	at testNgLearning.AssertionTestInTestNg.tc_008(AssertionTestInTestNg.java:45)
	at sun.reflect.NativeMethodAccessorImpl.invoke0(Native Method)
	at sun.reflect.NativeMethodAccessorImpl.invoke(Unknown Source)
	at sun.reflect.DelegatingMethodAccessorImpl.invoke(Unknown Source)
	at java.lang.reflect.Method.invoke(Unknown Source)
	at org.testng.internal.MethodInvocationHelper.invokeMethod(MethodInvocationHelper.java:85)
	at org.testng.internal.Invoker.invokeMethod(Invoker.java:639)
	at org.testng.internal.Invoker.invokeTestMethod(Invoker.java:816)
	at org.testng.internal.Invoker.invokeTestMethods(Invoker.java:1124)
	at org.testng.internal.TestMethodWorker.invokeTestMethods(TestMethodWorker.java:125)
	at org.testng.internal.TestMethodWorker.run(TestMethodWorker.java:108)
	at org.testng.TestRunner.privateRun(TestRunner.java:774)
	at org.testng.TestRunner.run(TestRunner.java:624)
	at org.testng.SuiteRunner.runTest(SuiteRunner.java:359)
	at org.testng.SuiteRunner.runSequentially(SuiteRunner.java:354)
	at org.testng.SuiteRunner.privateRun(SuiteRunner.java:312)
	at org.testng.SuiteRunner.run(SuiteRunner.java:261)
	at org.testng.SuiteRunnerWorker.runSuite(SuiteRunnerWorker.java:52)
	at org.testng.SuiteRunnerWorker.run(SuiteRunnerWorker.java:86)
	at org.testng.TestNG.runSuitesSequentially(TestNG.java:1215)
	at org.testng.TestNG.runSuitesLocally(TestNG.java:1140)
	at org.testng.TestNG.run(TestNG.java:1048)
	at org.testng.remote.AbstractRemoteTestNG.run(AbstractRemoteTestNG.java:126)
	at org.testng.remote.RemoteTestNG.initAndRun(RemoteTestNG.java:137)
	at org.testng.remote.RemoteTestNG.main(RemoteTestNG.java:58)
</pre></div></td>
<td>0</td>
<td>testNgLearning.AssertionTestInTestNg@457e2f02</td></tr>
<tr>
<td title='testNgLearning.DependacyInTestNg.updateAnAccoutTest()'><b>updateAnAccoutTest</b><br>Test class: testNgLearning.DependacyInTestNg</td>
<td><div><pre>java.lang.AssertionError: expected [true] but found [false]
	at testNgLearning.DependacyInTestNg.updateAnAccoutTest(DependacyInTestNg.java:18)
... Removed 28 stack frames</pre></div><a href='#' onClick='toggleBox("stack-trace909295153", this, "Click to show all stack frames", "Click to hide stack frames")'>Click to show all stack frames</a>
<div class='stack-trace' id='stack-trace909295153'><pre>java.lang.AssertionError: expected [true] but found [false]
	at org.testng.Assert.fail(Assert.java:94)
	at org.testng.Assert.failNotEquals(Assert.java:496)
	at org.testng.Assert.assertTrue(Assert.java:42)
	at org.testng.Assert.assertTrue(Assert.java:52)
	at testNgLearning.DependacyInTestNg.updateAnAccoutTest(DependacyInTestNg.java:18)
	at sun.reflect.NativeMethodAccessorImpl.invoke0(Native Method)
	at sun.reflect.NativeMethodAccessorImpl.invoke(Unknown Source)
	at sun.reflect.DelegatingMethodAccessorImpl.invoke(Unknown Source)
	at java.lang.reflect.Method.invoke(Unknown Source)
	at org.testng.internal.MethodInvocationHelper.invokeMethod(MethodInvocationHelper.java:85)
	at org.testng.internal.Invoker.invokeMethod(Invoker.java:639)
	at org.testng.internal.Invoker.invokeTestMethod(Invoker.java:816)
	at org.testng.internal.Invoker.invokeTestMethods(Invoker.java:1124)
	at org.testng.internal.TestMethodWorker.invokeTestMethods(TestMethodWorker.java:125)
	at org.testng.internal.TestMethodWorker.run(TestMethodWorker.java:108)
	at org.testng.TestRunner.privateRun(TestRunner.java:774)
	at org.testng.TestRunner.run(TestRunner.java:624)
	at org.testng.SuiteRunner.runTest(SuiteRunner.java:359)
	at org.testng.SuiteRunner.runSequentially(SuiteRunner.java:354)
	at org.testng.SuiteRunner.privateRun(SuiteRunner.java:312)
	at org.testng.SuiteRunner.run(SuiteRunner.java:261)
	at org.testng.SuiteRunnerWorker.runSuite(SuiteRunnerWorker.java:52)
	at org.testng.SuiteRunnerWorker.run(SuiteRunnerWorker.java:86)
	at org.testng.TestNG.runSuitesSequentially(TestNG.java:1215)
	at org.testng.TestNG.runSuitesLocally(TestNG.java:1140)
	at org.testng.TestNG.run(TestNG.java:1048)
	at org.testng.remote.AbstractRemoteTestNG.run(AbstractRemoteTestNG.java:126)
	at org.testng.remote.RemoteTestNG.initAndRun(RemoteTestNG.java:137)
	at org.testng.remote.RemoteTestNG.main(RemoteTestNG.java:58)
</pre></div></td>
<td>0</td>
<td>testNgLearning.DependacyInTestNg@5c7fa833</td></tr>
</table><p>
<table width='100%' border='1' class='invocation-passed'>
<tr><td colspan='4' align='center'><b>PASSED TESTS</b></td></tr>
<tr><td><b>Test method</b></td>
<td width="30%"><b>Exception</b></td>
<td width="10%"><b>Time (seconds)</b></td>
<td><b>Instance</b></td>
</tr>
<tr>
<td title='testNgLearning.PriotizeTestInTestNg.createAnAccountTest()'><b>createAnAccountTest</b><br>Test class: testNgLearning.PriotizeTestInTestNg</td>
<td></td>
<td>0</td>
<td>testNgLearning.PriotizeTestInTestNg@6767c1fc</td></tr>
<tr>
<td title='testNgLearning.TestExecutionOrderInTestNg.createAnAccountTest()'><b>createAnAccountTest</b><br>Test class: testNgLearning.TestExecutionOrderInTestNg</td>
<td></td>
<td>0</td>
<td>testNgLearning.TestExecutionOrderInTestNg@c038203</td></tr>
<tr>
<td title='testNgLearning.ReportslogsInTestNg.fbLoginPageVerifyTitle()'><b>fbLoginPageVerifyTitle</b><br>Test class: testNgLearning.ReportslogsInTestNg<br/>
<a href="#Output-1698097425" onClick='toggleBox("Output-1698097425", this, "Show output", "Hide output");'>Show output</a>

<a href="#Output-1698097425" onClick="toggleAllBoxes();">Show all outputs</a>
<div class='log' id="Output-1698097425">
launching firefox browser<br/>
maximize browser window<br/>
navigating to facebook login page<br/>
get facebook login page title <br/>
printing login page title of fb to the cons<br/>
quit browser window <br/>
</div>
</td>
<td></td>
<td>84</td>
<td>testNgLearning.ReportslogsInTestNg@29ee9faa</td></tr>
<tr>
<td title='testNgLearning.DependacyInTestNg.loginTest()'><b>loginTest</b><br>Test class: testNgLearning.DependacyInTestNg</td>
<td></td>
<td>0</td>
<td>testNgLearning.DependacyInTestNg@5c7fa833</td></tr>
<tr>
<td title='testNgLearning.PriotizeTestInTestNg.loginToAppTest()'><b>loginToAppTest</b><br>Test class: testNgLearning.PriotizeTestInTestNg</td>
<td></td>
<td>0</td>
<td>testNgLearning.PriotizeTestInTestNg@6767c1fc</td></tr>
<tr>
<td title='testNgLearning.TestExecutionOrderInTestNg.loginToAppTest()'><b>loginToAppTest</b><br>Test class: testNgLearning.TestExecutionOrderInTestNg</td>
<td></td>
<td>0</td>
<td>testNgLearning.TestExecutionOrderInTestNg@c038203</td></tr>
<tr>
<td title='testNgLearning.PriotizeTestInTestNg.logoutFromAppTest()'><b>logoutFromAppTest</b><br>Test class: testNgLearning.PriotizeTestInTestNg</td>
<td></td>
<td>0</td>
<td>testNgLearning.PriotizeTestInTestNg@6767c1fc</td></tr>
<tr>
<td title='testNgLearning.TestExecutionOrderInTestNg.logoutFromAppTest()'><b>logoutFromAppTest</b><br>Test class: testNgLearning.TestExecutionOrderInTestNg</td>
<td></td>
<td>0</td>
<td>testNgLearning.TestExecutionOrderInTestNg@c038203</td></tr>
<tr>
<td title='testNgLearning.PriotizeTestInTestNg.registerNewAppTest()'><b>registerNewAppTest</b><br>Test class: testNgLearning.PriotizeTestInTestNg</td>
<td></td>
<td>0</td>
<td>testNgLearning.PriotizeTestInTestNg@6767c1fc</td></tr>
<tr>
<td title='testNgLearning.TestExecutionOrderInTestNg.registerNewAppTest()'><b>registerNewAppTest</b><br>Test class: testNgLearning.TestExecutionOrderInTestNg</td>
<td></td>
<td>0</td>
<td>testNgLearning.TestExecutionOrderInTestNg@c038203</td></tr>
<tr>
<td title='testNgLearning.DisabledTestInTestNg.tc_001()'><b>tc_001</b><br>Test class: testNgLearning.DisabledTestInTestNg</td>
<td></td>
<td>0</td>
<td>testNgLearning.DisabledTestInTestNg@724af044</td></tr>
<tr>
<td title='testNgLearning.FirstScripts.tc_001()'><b>tc_001</b><br>Test class: testNgLearning.FirstScripts</td>
<td></td>
<td>0</td>
<td>testNgLearning.FirstScripts@4678c730</td></tr>
<tr>
<td title='testNgLearning.AssertionTestInTestNg.tc_002()'><b>tc_002</b><br>Test class: testNgLearning.AssertionTestInTestNg</td>
<td></td>
<td>0</td>
<td>testNgLearning.AssertionTestInTestNg@457e2f02</td></tr>
<tr>
<td title='testNgLearning.DisabledTestInTestNg.tc_002()'><b>tc_002</b><br>Test class: testNgLearning.DisabledTestInTestNg</td>
<td></td>
<td>0</td>
<td>testNgLearning.DisabledTestInTestNg@724af044</td></tr>
<tr>
<td title='testNgLearning.DisabledTestInTestNg.tc_003()'><b>tc_003</b><br>Test class: testNgLearning.DisabledTestInTestNg</td>
<td></td>
<td>0</td>
<td>testNgLearning.DisabledTestInTestNg@724af044</td></tr>
<tr>
<td title='testNgLearning.AssertionTestInTestNg.tc_004()'><b>tc_004</b><br>Test class: testNgLearning.AssertionTestInTestNg</td>
<td></td>
<td>0</td>
<td>testNgLearning.AssertionTestInTestNg@457e2f02</td></tr>
<tr>
<td title='testNgLearning.AssertionTestInTestNg.tc_006()'><b>tc_006</b><br>Test class: testNgLearning.AssertionTestInTestNg</td>
<td></td>
<td>0</td>
<td>testNgLearning.AssertionTestInTestNg@457e2f02</td></tr>
<tr>
<td title='testNgLearning.AssertionTestInTestNg.tc_007()'><b>tc_007</b><br>Test class: testNgLearning.AssertionTestInTestNg</td>
<td></td>
<td>0</td>
<td>testNgLearning.AssertionTestInTestNg@457e2f02</td></tr>
<tr>
<td title='testNgLearning.AnnotationsInTestNgTest.test1()'><b>test1</b><br>Test class: testNgLearning.AnnotationsInTestNgTest</td>
<td></td>
<td>0</td>
<td>testNgLearning.AnnotationsInTestNgTest@4cc0edeb</td></tr>
<tr>
<td title='testNgLearning.AnnotationsInTestNgTest.test2()'><b>test2</b><br>Test class: testNgLearning.AnnotationsInTestNgTest</td>
<td></td>
<td>0</td>
<td>testNgLearning.AnnotationsInTestNgTest@4cc0edeb</td></tr>
</table><p>
<table width='100%' border='1' class='invocation-skipped'>
<tr><td colspan='4' align='center'><b>SKIPPED TESTS</b></td></tr>
<tr><td><b>Test method</b></td>
<td width="30%"><b>Exception</b></td>
<td width="10%"><b>Time (seconds)</b></td>
<td><b>Instance</b></td>
</tr>
<tr>
<td title='testNgLearning.DependacyInTestNg.logoutTest()'><b>logoutTest</b><br>Test class: testNgLearning.DependacyInTestNg</td>
<td><div><pre>java.lang.Throwable: Method DependacyInTestNg.logoutTest()[pri:0, instance:testNgLearning.DependacyInTestNg@5c7fa833] depends on not successfully finished methods
... Removed 17 stack frames</pre></div><a href='#' onClick='toggleBox("stack-trace1318822808", this, "Click to show all stack frames", "Click to hide stack frames")'>Click to show all stack frames</a>
<div class='stack-trace' id='stack-trace1318822808'><pre>java.lang.Throwable: Method DependacyInTestNg.logoutTest()[pri:0, instance:testNgLearning.DependacyInTestNg@5c7fa833] depends on not successfully finished methods
	at org.testng.internal.Invoker.invokeTestMethods(Invoker.java:1033)
	at org.testng.internal.TestMethodWorker.invokeTestMethods(TestMethodWorker.java:125)
	at org.testng.internal.TestMethodWorker.run(TestMethodWorker.java:108)
	at org.testng.TestRunner.privateRun(TestRunner.java:774)
	at org.testng.TestRunner.run(TestRunner.java:624)
	at org.testng.SuiteRunner.runTest(SuiteRunner.java:359)
	at org.testng.SuiteRunner.runSequentially(SuiteRunner.java:354)
	at org.testng.SuiteRunner.privateRun(SuiteRunner.java:312)
	at org.testng.SuiteRunner.run(SuiteRunner.java:261)
	at org.testng.SuiteRunnerWorker.runSuite(SuiteRunnerWorker.java:52)
	at org.testng.SuiteRunnerWorker.run(SuiteRunnerWorker.java:86)
	at org.testng.TestNG.runSuitesSequentially(TestNG.java:1215)
	at org.testng.TestNG.runSuitesLocally(TestNG.java:1140)
	at org.testng.TestNG.run(TestNG.java:1048)
	at org.testng.remote.AbstractRemoteTestNG.run(AbstractRemoteTestNG.java:126)
	at org.testng.remote.RemoteTestNG.initAndRun(RemoteTestNG.java:137)
	at org.testng.remote.RemoteTestNG.main(RemoteTestNG.java:58)
</pre></div></td>
<td>0</td>
<td>null</td></tr>
</table><p>
</body>
</html>